<?xml version="1.0" encoding="UTF-8"?>
<!-- Generated by org.testng.reporters.JUnitReportReporter -->
<testsuite hostname="Sony-PC" name="demo.NewTest" tests="1" failures="0" timestamp="7 Mar 2016 07:43:54 GMT" time="25.285" errors="0">
  <testcase name="filedownloadTest" time="25.285" classname="demo.NewTest"/>
</testsuite> <!-- demo.NewTest -->
