<?xml version="1.0" encoding="UTF-8"?>
<!-- Generated by org.testng.reporters.JUnitReportReporter -->
<testsuite hostname="Sony-PC" name="practice.NewTest" tests="3" failures="0" timestamp="21 Mar 2016 15:13:28 GMT" time="0.016" errors="0">
  <testcase name="advSearchTest" time="0.002" classname="practice.NewTest"/>
  <testcase name="searchTest" time="0.012" classname="practice.NewTest"/>
  <testcase name="buyProductsTest" time="0.002" classname="practice.NewTest"/>
</testsuite> <!-- practice.NewTest -->
