<?xml version="1.0" encoding="UTF-8"?>
<!-- Generated by org.testng.reporters.JUnitReportReporter -->
<testsuite hostname="Sony-PC" name="practice.SampleTest" tests="1" failures="0" timestamp="3 Mar 2016 06:46:55 GMT" time="0.014" errors="0">
  <testcase name="createCusTest" time="0.014" classname="practice.SampleTest"/>
</testsuite> <!-- practice.SampleTest -->
