<?xml version="1.0" encoding="UTF-8"?>
<!-- Generated by org.testng.reporters.JUnitReportReporter -->
<testsuite hostname="Sony-PC" name="autosuggestion.AutoSuggestionTest" tests="1" failures="0" timestamp="16 Mar 2016 19:09:27 GMT" time="276.973" errors="0">
  <testcase name="autoSugTest" time="276.973" classname="autosuggestion.AutoSuggestionTest"/>
</testsuite> <!-- autosuggestion.AutoSuggestionTest -->
