<?xml version="1.0" encoding="UTF-8"?>
<!-- Generated by org.testng.reporters.JUnitReportReporter -->
<testsuite hostname="Sony-PC" name="demo.PrintSelectedOption" tests="1" failures="0" timestamp="12 Jun 2016 14:56:08 GMT" time="13.339" errors="0">
  <testcase name="printOption" time="13.339" classname="demo.PrintSelectedOption"/>
</testsuite> <!-- demo.PrintSelectedOption -->
