<?xml version="1.0" encoding="UTF-8"?>
<!-- Generated by org.testng.reporters.JUnitReportReporter -->
<testsuite hostname="Sony-PC" name="demo.DropDownMultiSelectBox" tests="1" failures="0" timestamp="16 Mar 2016 07:27:59 GMT" time="13.717" errors="0">
  <testcase name="handlingSelectBoxTest" time="13.717" classname="demo.DropDownMultiSelectBox"/>
</testsuite> <!-- demo.DropDownMultiSelectBox -->
