<?xml version="1.0" encoding="UTF-8"?>
<!-- Generated by org.testng.reporters.JUnitReportReporter -->
<testsuite hostname="Sony-PC" name="demo.NoOfOptionsPresent" tests="1" failures="0" timestamp="16 Mar 2016 11:03:40 GMT" time="37.855" errors="0">
  <testcase name="optionsPresentInListTest" time="37.855" classname="demo.NoOfOptionsPresent"/>
</testsuite> <!-- demo.NoOfOptionsPresent -->
