<?xml version="1.0" encoding="UTF-8"?>
<!-- Generated by org.testng.reporters.JUnitReportReporter -->
<testsuite hostname="Sony-PC" name="customlistbox.YatraCustomSelect" tests="1" failures="0" timestamp="16 Mar 2016 12:09:16 GMT" time="369.397" errors="0">
  <testcase name="customSelectTest" time="369.397" classname="customlistbox.YatraCustomSelect"/>
</testsuite> <!-- customlistbox.YatraCustomSelect -->
