<?xml version="1.0" encoding="UTF-8"?>
<!-- Generated by org.testng.reporters.JUnitReportReporter -->
<testsuite hostname="Sony-PC" name="demo.DropDownMultiSelectListBox" tests="1" failures="0" timestamp="6 Apr 2016 19:56:54 GMT" time="16.065" errors="0">
  <testcase name="multiListBoxTest" time="16.065" classname="demo.DropDownMultiSelectListBox"/>
</testsuite> <!-- demo.DropDownMultiSelectListBox -->
