<?xml version="1.0" encoding="UTF-8"?>
<!-- Generated by org.testng.reporters.JUnitReportReporter -->
<testsuite hostname="Sony-PC" name="demo.Login" tests="1" failures="0" timestamp="3 Mar 2016 07:18:03 GMT" time="14.580" errors="0">
  <testcase name="LoginAndOutChrome" time="14.580" classname="demo.Login"/>
</testsuite> <!-- demo.Login -->
