<?xml version="1.0" encoding="UTF-8"?>
<!-- Generated by org.testng.reporters.JUnitReportReporter -->
<testsuite hostname="Sony-PC" name="demo.Example2Test" tests="1" failures="0" timestamp="2 Mar 2016 13:18:54 GMT" time="0.035" errors="0">
  <testcase name="sampleTest" time="0.035" classname="demo.Example2Test"/>
</testsuite> <!-- demo.Example2Test -->
